<?xml version="1.0" encoding="UTF-8"?>
<testsuite xmlns:xsi="http://www.w3.org/2001/XMLSchema-instance" xsi:noNamespaceSchemaLocation="https://maven.apache.org/surefire/maven-surefire-plugin/xsd/surefire-test-report.xsd" name="com.virgingames.bingo.TestSuit" time="9.627" tests="2" errors="0" skipped="0" failures="1">
  <properties>
[...]
</properties>
  <testcase name="Test01" classname="com.virgingames.bingo.TestSuit" time="4.761"/>
  <testcase name="Test02" classname="com.virgingames.bingo.TestSuit" time="4.079">
    <failure message="1 expectation failed.&#10;JSON path bingoLobbyInfoResource.streams[2].defaultGameFrequency doesn&apos;t match.&#10;Expected: &lt;300000&gt;&#10;  Actual: null&#10;" type="java.lang.AssertionError"><![CDATA[java.lang.AssertionError: 
1 expectation failed.
JSON path bingoLobbyInfoResource.streams[2].defaultGameFrequency doesn't match.
Expected: <300000>
  Actual: null

	at com.virgingames.bingo.TestSuit.Test02(TestSuit.java:44)
]]></failure>
  </testcase>
</testsuite>